<?xml version="1.0" encoding="UTF-8"?>
<coverage generated="1539788016454" clover="3.2.0">
  <project timestamp="1539788016455" name="All files">
    <metrics statements="7" coveredstatements="5" conditionals="1" coveredconditionals="1" methods="3" coveredmethods="1" elements="11" coveredelements="7" complexity="0" loc="7" ncloc="7" packages="3" files="3" classes="3">
      <package name="src">
        <metrics statements="3" coveredstatements="3" conditionals="1" coveredconditionals="1" methods="1" coveredmethods="1"/>
        <file name="index.js" path="/Users/sebastien/Documents/Agorize/agorize-uikit/src/index.js">
          <metrics statements="3" coveredstatements="3" conditionals="1" coveredconditionals="1" methods="1" coveredmethods="1"/>
          <line num="4" count="2" type="stmt"/>
          <line num="12" count="2" type="stmt"/>
          <line num="13" count="4" type="stmt"/>
        </file>
      </package>
      <package name="src.components.Col">
        <metrics statements="2" coveredstatements="1" conditionals="0" coveredconditionals="0" methods="1" coveredmethods="0"/>
        <file name="index.js" path="/Users/sebastien/Documents/Agorize/agorize-uikit/src/components/Col/index.js">
          <metrics statements="2" coveredstatements="1" conditionals="0" coveredconditionals="0" methods="1" coveredmethods="0"/>
          <line num="3" count="2" type="stmt"/>
          <line num="4" count="0" type="stmt"/>
        </file>
      </package>
      <package name="src.components.Row">
        <metrics statements="2" coveredstatements="1" conditionals="0" coveredconditionals="0" methods="1" coveredmethods="0"/>
        <file name="index.js" path="/Users/sebastien/Documents/Agorize/agorize-uikit/src/components/Row/index.js">
          <metrics statements="2" coveredstatements="1" conditionals="0" coveredconditionals="0" methods="1" coveredmethods="0"/>
          <line num="3" count="2" type="stmt"/>
          <line num="4" count="0" type="stmt"/>
        </file>
      </package>
    </metrics>
  </project>
</coverage>
