<?xml version="1.0" encoding="UTF-8"?>
<coverage generated="1539793615051" clover="3.2.0">
  <project timestamp="1539793615051" name="All files">
    <metrics statements="6" coveredstatements="5" conditionals="1" coveredconditionals="1" methods="3" coveredmethods="2" elements="10" coveredelements="8" complexity="0" loc="6" ncloc="6" packages="1" files="1" classes="1">
      <file name="index.js" path="/Users/sebastien/Documents/Agorize/agorize-uikit/src/index.js">
        <metrics statements="6" coveredstatements="5" conditionals="1" coveredconditionals="1" methods="3" coveredmethods="2"/>
        <line num="4" count="2" type="stmt"/>
        <line num="8" count="4" type="stmt"/>
        <line num="9" count="0" type="stmt"/>
        <line num="11" count="4" type="stmt"/>
        <line num="17" count="2" type="stmt"/>
        <line num="18" count="4" type="stmt"/>
      </file>
    </metrics>
  </project>
</coverage>
