TN:
SF:/Users/sebastien/Documents/Agorize/agorize-uikit/src/index.js
FN:14,(anonymous_0)
FNF:1
FNH:1
FNDA:9,(anonymous_0)
DA:5,3
DA:14,3
DA:15,9
LF:3
LH:3
BRDA:13,0,0,3
BRF:1
BRH:1
end_of_record
TN:
SF:/Users/sebastien/Documents/Agorize/agorize-uikit/src/components/Col/index.js
FN:3,(anonymous_0)
FNF:1
FNH:0
FNDA:0,(anonymous_0)
DA:3,3
DA:4,0
LF:2
LH:1
BRF:0
BRH:0
end_of_record
TN:
SF:/Users/sebastien/Documents/Agorize/agorize-uikit/src/components/Row/index.js
FN:3,(anonymous_0)
FNF:1
FNH:0
FNDA:0,(anonymous_0)
DA:3,3
DA:4,0
LF:2
LH:1
BRF:0
BRH:0
end_of_record
TN:
SF:/Users/sebastien/Documents/Agorize/agorize-uikit/src/components/button/index.js
FN:3,(anonymous_0)
FNF:1
FNH:0
FNDA:0,(anonymous_0)
DA:3,3
DA:4,0
LF:2
LH:1
BRF:0
BRH:0
end_of_record
